<?xml version="1.0" encoding="UTF-8"?>
<coverage generated="1573136878255" clover="3.2.0">
  <project timestamp="1573136878255" name="All files">
    <metrics statements="4" coveredstatements="4" conditionals="4" coveredconditionals="4" methods="2" coveredmethods="2" elements="10" coveredelements="10" complexity="0" loc="4" ncloc="4" packages="1" files="1" classes="1">
      <file name="filter-recursive.js" path="/home/ruan/Workspace/react-ninja/modulo02/examples/jest-in-practice/src/filter/filter-recursive.js">
        <metrics statements="4" coveredstatements="4" conditionals="4" coveredconditionals="4" methods="2" coveredmethods="2"/>
        <line num="3" count="1" type="stmt"/>
        <line num="4" count="5" type="stmt"/>
        <line num="5" count="24" type="stmt"/>
        <line num="6" count="24" type="cond" truecount="2" falsecount="0"/>
      </file>
    </metrics>
  </project>
</coverage>
