{"/home/ruan/Workspace/react-ninja/modulo02/examples/jest-in-practice/src/reverse/reverse.js": {"path":"/home/ruan/Workspace/react-ninja/modulo02/examples/jest-in-practice/src/reverse/reverse.js","statementMap":{"0":{"start":{"line":3,"column":16},"end":{"line":11,"column":1}},"1":{"start":{"line":4,"column":17},"end":{"line":4,"column":19}},"2":{"start":{"line":6,"column":2},"end":{"line":8,"column":3}},"3":{"start":{"line":7,"column":4},"end":{"line":7,"column":25}},"4":{"start":{"line":9,"column":2},"end":{"line":9,"column":17}}},"fnMap":{"0":{"name":"(anonymous_0)","decl":{"start":{"line":3,"column":16},"end":{"line":3,"column":17}},"loc":{"start":{"line":3,"column":25},"end":{"line":11,"column":1}},"line":3}},"branchMap":{},"s":{"0":1,"1":3,"2":3,"3":5,"4":3},"f":{"0":3},"b":{},"_coverageSchema":"332fd63041d2c1bcb487cc26dd0d5f7d97098a6c","hash":"6034a0e0908544ec3ae7f01756f5a2a523f49f42"}
}
