{"/home/ruan/Workspace/react-ninja/modulo02/examples/jest-in-practice/src/map/map-recursive.js": {"path":"/home/ruan/Workspace/react-ninja/modulo02/examples/jest-in-practice/src/map/map-recursive.js","statementMap":{"0":{"start":{"line":3,"column":12},"end":{"line":10,"column":1}},"1":{"start":{"line":3,"column":38},"end":{"line":3,"column":42}},"2":{"start":{"line":4,"column":2},"end":{"line":9,"column":12}},"3":{"start":{"line":5,"column":28},"end":{"line":5,"column":39}},"4":{"start":{"line":6,"column":4},"end":{"line":8,"column":69}}},"fnMap":{"0":{"name":"(anonymous_0)","decl":{"start":{"line":3,"column":12},"end":{"line":3,"column":13}},"loc":{"start":{"line":3,"column":47},"end":{"line":10,"column":1}},"line":3},"1":{"name":"(anonymous_1)","decl":{"start":{"line":3,"column":30},"end":{"line":3,"column":31}},"loc":{"start":{"line":3,"column":38},"end":{"line":3,"column":42}},"line":3},"2":{"name":"mapInternal","decl":{"start":{"line":4,"column":19},"end":{"line":4,"column":30}},"loc":{"start":{"line":4,"column":54},"end":{"line":9,"column":3}},"line":4}},"branchMap":{"0":{"loc":{"start":{"line":3,"column":13},"end":{"line":3,"column":21}},"type":"default-arg","locations":[{"start":{"line":3,"column":19},"end":{"line":3,"column":21}}],"line":3},"1":{"loc":{"start":{"line":3,"column":23},"end":{"line":3,"column":42}},"type":"default-arg","locations":[{"start":{"line":3,"column":30},"end":{"line":3,"column":42}}],"line":3},"2":{"loc":{"start":{"line":6,"column":11},"end":{"line":8,"column":69}},"type":"cond-expr","locations":[{"start":{"line":7,"column":8},"end":{"line":7,"column":10}},{"start":{"line":8,"column":8},"end":{"line":8,"column":69}}],"line":6}},"s":{"0":1,"1":2,"2":8,"3":22,"4":22},"f":{"0":8,"1":2,"2":22},"b":{"0":[1],"1":[2],"2":[8,14]},"_coverageSchema":"332fd63041d2c1bcb487cc26dd0d5f7d97098a6c","hash":"e4e3eafac9b63d0b3c8d2077198228f6212b42e1"}
}
